000 (4778247.003.000) 03/22 13:26:55 Job submitted from host: <188.185.71.83:9618?addrs=188.185.71.83-9618+[2001-1458-d00-7--100-34d]-9618&alias=bigbird18.cern.ch&noUDP&sock=schedd_2070_6d22>
...
040 (4778247.003.000) 03/22 13:28:36 Started transferring input files
	Transferring to host: <128.142.192.199:9618?addrs=128.142.192.199-9618+[2001-1458-301-56--100-43]-9618&alias=b7g18p1473.cern.ch&noUDP&sock=slot1_10_26624_c434_62972>
...
040 (4778247.003.000) 03/22 13:28:36 Finished transferring input files
...
001 (4778247.003.000) 03/22 13:28:37 Job executing on host: <128.142.192.199:9618?addrs=128.142.192.199-9618+[2001-1458-301-56--100-43]-9618&alias=b7g18p1473.cern.ch&noUDP&sock=startd_5234_aac9>
...
006 (4778247.003.000) 03/22 13:28:46 Image size of job updated: 2365080
	87  -  MemoryUsage of job (MB)
	88844  -  ResidentSetSize of job (KB)
...
006 (4778247.003.000) 03/22 13:33:47 Image size of job updated: 2365080
	422  -  MemoryUsage of job (MB)
	431728  -  ResidentSetSize of job (KB)
...
006 (4778247.003.000) 03/22 13:38:47 Image size of job updated: 2365080
	435  -  MemoryUsage of job (MB)
	444480  -  ResidentSetSize of job (KB)
...
006 (4778247.003.000) 03/22 13:43:47 Image size of job updated: 2365080
	435  -  MemoryUsage of job (MB)
	444596  -  ResidentSetSize of job (KB)
...
006 (4778247.003.000) 03/22 13:48:48 Image size of job updated: 2365080
	435  -  MemoryUsage of job (MB)
	444832  -  ResidentSetSize of job (KB)
...
006 (4778247.003.000) 03/22 13:53:48 Image size of job updated: 2365080
	435  -  MemoryUsage of job (MB)
	444864  -  ResidentSetSize of job (KB)
...
006 (4778247.003.000) 03/22 13:58:48 Image size of job updated: 2365080
	435  -  MemoryUsage of job (MB)
	444932  -  ResidentSetSize of job (KB)
...
006 (4778247.003.000) 03/22 14:03:49 Image size of job updated: 2365080
	435  -  MemoryUsage of job (MB)
	444980  -  ResidentSetSize of job (KB)
...
006 (4778247.003.000) 03/22 14:08:49 Image size of job updated: 2365080
	435  -  MemoryUsage of job (MB)
	445000  -  ResidentSetSize of job (KB)
...
006 (4778247.003.000) 03/22 14:13:49 Image size of job updated: 2365080
	435  -  MemoryUsage of job (MB)
	445052  -  ResidentSetSize of job (KB)
...
006 (4778247.003.000) 03/22 14:18:50 Image size of job updated: 2365080
	435  -  MemoryUsage of job (MB)
	445076  -  ResidentSetSize of job (KB)
...
040 (4778247.003.000) 03/22 14:28:38 Started transferring output files
...
040 (4778247.003.000) 03/22 14:28:38 Finished transferring output files
...
009 (4778247.003.000) 03/22 14:28:38 Job was aborted.
	Job removed by SYSTEM_PERIODIC_REMOVE due to wall time exceeded allowed max.
...
000 (4778294.000.000) 03/23 14:55:24 Job submitted from host: <188.185.71.83:9618?addrs=188.185.71.83-9618+[2001-1458-d00-7--100-34d]-9618&alias=bigbird18.cern.ch&noUDP&sock=schedd_2070_6d22>
...
040 (4778294.000.000) 03/23 15:32:54 Started transferring input files
	Transferring to host: <128.142.192.174:9618?addrs=128.142.192.174-9618+[2001-1458-301-56--100-2a]-9618&alias=b7g18p1742.cern.ch&noUDP&sock=slot1_9_33608_a050_31577>
...
040 (4778294.000.000) 03/23 15:32:54 Finished transferring input files
...
001 (4778294.000.000) 03/23 15:32:55 Job executing on host: <128.142.192.174:9618?addrs=128.142.192.174-9618+[2001-1458-301-56--100-2a]-9618&alias=b7g18p1742.cern.ch&noUDP&sock=startd_33569_1ecd>
...
006 (4778294.000.000) 03/23 15:33:05 Image size of job updated: 162904
	88  -  MemoryUsage of job (MB)
	89952  -  ResidentSetSize of job (KB)
...
006 (4778294.000.000) 03/23 15:38:05 Image size of job updated: 1034100
	423  -  MemoryUsage of job (MB)
	432288  -  ResidentSetSize of job (KB)
...
006 (4778294.000.000) 03/23 15:43:05 Image size of job updated: 1034100
	435  -  MemoryUsage of job (MB)
	444836  -  ResidentSetSize of job (KB)
...
006 (4778294.000.000) 03/23 15:48:06 Image size of job updated: 1034100
	435  -  MemoryUsage of job (MB)
	444948  -  ResidentSetSize of job (KB)
...
006 (4778294.000.000) 03/23 15:53:07 Image size of job updated: 1034100
	435  -  MemoryUsage of job (MB)
	445220  -  ResidentSetSize of job (KB)
...
006 (4778294.000.000) 03/23 15:58:07 Image size of job updated: 1034100
	435  -  MemoryUsage of job (MB)
	445256  -  ResidentSetSize of job (KB)
...
006 (4778294.000.000) 03/23 16:03:08 Image size of job updated: 1034100
	435  -  MemoryUsage of job (MB)
	445260  -  ResidentSetSize of job (KB)
...
006 (4778294.000.000) 03/23 16:08:09 Image size of job updated: 1034100
	435  -  MemoryUsage of job (MB)
	445288  -  ResidentSetSize of job (KB)
...
006 (4778294.000.000) 03/23 16:13:09 Image size of job updated: 1034100
	435  -  MemoryUsage of job (MB)
	445292  -  ResidentSetSize of job (KB)
...
006 (4778294.000.000) 03/23 16:18:09 Image size of job updated: 1034100
	435  -  MemoryUsage of job (MB)
	445308  -  ResidentSetSize of job (KB)
...
006 (4778294.000.000) 03/23 16:23:10 Image size of job updated: 1034100
	435  -  MemoryUsage of job (MB)
	445324  -  ResidentSetSize of job (KB)
...
006 (4778294.000.000) 03/23 16:28:10 Image size of job updated: 1034100
	435  -  MemoryUsage of job (MB)
	445348  -  ResidentSetSize of job (KB)
...
006 (4778294.000.000) 03/23 16:33:10 Image size of job updated: 1034100
	435  -  MemoryUsage of job (MB)
	445356  -  ResidentSetSize of job (KB)
...
006 (4778294.000.000) 03/23 16:43:11 Image size of job updated: 1034100
	435  -  MemoryUsage of job (MB)
	445364  -  ResidentSetSize of job (KB)
...
006 (4778294.000.000) 03/23 16:48:11 Image size of job updated: 1034100
	435  -  MemoryUsage of job (MB)
	445372  -  ResidentSetSize of job (KB)
...
006 (4778294.000.000) 03/23 16:53:12 Image size of job updated: 1034100
	435  -  MemoryUsage of job (MB)
	445380  -  ResidentSetSize of job (KB)
...
006 (4778294.000.000) 03/23 16:58:12 Image size of job updated: 1034100
	435  -  MemoryUsage of job (MB)
	445392  -  ResidentSetSize of job (KB)
...
006 (4778294.000.000) 03/23 17:03:12 Image size of job updated: 1034100
	435  -  MemoryUsage of job (MB)
	445396  -  ResidentSetSize of job (KB)
...
006 (4778294.000.000) 03/23 17:18:14 Image size of job updated: 1034100
	435  -  MemoryUsage of job (MB)
	445400  -  ResidentSetSize of job (KB)
...
006 (4778294.000.000) 03/23 17:23:15 Image size of job updated: 1034100
	435  -  MemoryUsage of job (MB)
	445408  -  ResidentSetSize of job (KB)
...
040 (4778294.000.000) 03/23 17:33:02 Started transferring output files
...
040 (4778294.000.000) 03/23 17:33:02 Finished transferring output files
...
009 (4778294.000.000) 03/23 17:33:02 Job was aborted.
	Job removed by SYSTEM_PERIODIC_REMOVE due to wall time exceeded allowed max.
...
000 (4778304.000.000) 03/23 18:01:17 Job submitted from host: <188.185.71.83:9618?addrs=188.185.71.83-9618+[2001-1458-d00-7--100-34d]-9618&alias=bigbird18.cern.ch&noUDP&sock=schedd_2070_6d22>
...
040 (4778304.000.000) 03/23 18:03:29 Started transferring input files
	Transferring to host: <128.142.192.212:9618?addrs=128.142.192.212-9618+[2001-1458-301-56--100-50]-9618&alias=b7g18p0338.cern.ch&noUDP&sock=slot1_3_50955_2831_65743>
...
040 (4778304.000.000) 03/23 18:03:29 Finished transferring input files
...
001 (4778304.000.000) 03/23 18:03:30 Job executing on host: <128.142.192.212:9618?addrs=128.142.192.212-9618+[2001-1458-301-56--100-50]-9618&alias=b7g18p0338.cern.ch&noUDP&sock=startd_50916_b82e>
...
006 (4778304.000.000) 03/23 18:03:39 Image size of job updated: 466896
	150  -  MemoryUsage of job (MB)
	152612  -  ResidentSetSize of job (KB)
...
006 (4778304.000.000) 03/23 18:08:40 Image size of job updated: 1030668
	424  -  MemoryUsage of job (MB)
	433236  -  ResidentSetSize of job (KB)
...
006 (4778304.000.000) 03/23 18:13:41 Image size of job updated: 1030668
	435  -  MemoryUsage of job (MB)
	444932  -  ResidentSetSize of job (KB)
...
006 (4778304.000.000) 03/23 18:18:41 Image size of job updated: 1030668
	435  -  MemoryUsage of job (MB)
	445148  -  ResidentSetSize of job (KB)
...
006 (4778304.000.000) 03/23 18:48:43 Image size of job updated: 1030668
	435  -  MemoryUsage of job (MB)
	445156  -  ResidentSetSize of job (KB)
...
006 (4778304.000.000) 03/23 18:53:43 Image size of job updated: 1030668
	435  -  MemoryUsage of job (MB)
	445160  -  ResidentSetSize of job (KB)
...
006 (4778304.000.000) 03/23 18:58:44 Image size of job updated: 1030668
	435  -  MemoryUsage of job (MB)
	445172  -  ResidentSetSize of job (KB)
...
006 (4778304.000.000) 03/23 19:03:44 Image size of job updated: 1030668
	435  -  MemoryUsage of job (MB)
	445184  -  ResidentSetSize of job (KB)
...
006 (4778304.000.000) 03/23 19:08:44 Image size of job updated: 1030668
	435  -  MemoryUsage of job (MB)
	445200  -  ResidentSetSize of job (KB)
...
006 (4778304.000.000) 03/23 19:13:44 Image size of job updated: 1030668
	435  -  MemoryUsage of job (MB)
	445204  -  ResidentSetSize of job (KB)
...
006 (4778304.000.000) 03/23 19:18:45 Image size of job updated: 1030668
	435  -  MemoryUsage of job (MB)
	445208  -  ResidentSetSize of job (KB)
...
006 (4778304.000.000) 03/23 19:23:45 Image size of job updated: 1030668
	435  -  MemoryUsage of job (MB)
	445212  -  ResidentSetSize of job (KB)
...
006 (4778304.000.000) 03/23 19:33:46 Image size of job updated: 1030668
	435  -  MemoryUsage of job (MB)
	445232  -  ResidentSetSize of job (KB)
...
006 (4778304.000.000) 03/23 19:38:46 Image size of job updated: 1030668
	435  -  MemoryUsage of job (MB)
	445240  -  ResidentSetSize of job (KB)
...
006 (4778304.000.000) 03/23 19:43:46 Image size of job updated: 1030668
	435  -  MemoryUsage of job (MB)
	445248  -  ResidentSetSize of job (KB)
...
006 (4778304.000.000) 03/23 19:48:47 Image size of job updated: 1030668
	435  -  MemoryUsage of job (MB)
	445280  -  ResidentSetSize of job (KB)
...
006 (4778304.000.000) 03/23 19:53:48 Image size of job updated: 1030668
	435  -  MemoryUsage of job (MB)
	445296  -  ResidentSetSize of job (KB)
...
006 (4778304.000.000) 03/23 20:08:50 Image size of job updated: 1030668
	435  -  MemoryUsage of job (MB)
	445300  -  ResidentSetSize of job (KB)
...
006 (4778304.000.000) 03/23 20:18:51 Image size of job updated: 1030668
	435  -  MemoryUsage of job (MB)
	445304  -  ResidentSetSize of job (KB)
...
006 (4778304.000.000) 03/23 20:33:52 Image size of job updated: 1030668
	435  -  MemoryUsage of job (MB)
	445312  -  ResidentSetSize of job (KB)
...
006 (4778304.000.000) 03/23 20:53:54 Image size of job updated: 1030668
	435  -  MemoryUsage of job (MB)
	445316  -  ResidentSetSize of job (KB)
...
006 (4778304.000.000) 03/23 21:08:56 Image size of job updated: 1030668
	435  -  MemoryUsage of job (MB)
	445320  -  ResidentSetSize of job (KB)
...
006 (4778304.000.000) 03/23 21:13:57 Image size of job updated: 1030668
	435  -  MemoryUsage of job (MB)
	445324  -  ResidentSetSize of job (KB)
...
006 (4778304.000.000) 03/23 21:23:58 Image size of job updated: 1030668
	435  -  MemoryUsage of job (MB)
	445328  -  ResidentSetSize of job (KB)
...
006 (4778304.000.000) 03/23 21:33:59 Image size of job updated: 1030668
	435  -  MemoryUsage of job (MB)
	445332  -  ResidentSetSize of job (KB)
...
006 (4778304.000.000) 03/23 21:49:00 Image size of job updated: 1030668
	435  -  MemoryUsage of job (MB)
	445336  -  ResidentSetSize of job (KB)
...
006 (4778304.000.000) 03/23 22:29:04 Image size of job updated: 1030668
	435  -  MemoryUsage of job (MB)
	445340  -  ResidentSetSize of job (KB)
...
006 (4778304.000.000) 03/23 23:14:08 Image size of job updated: 1030668
	435  -  MemoryUsage of job (MB)
	445360  -  ResidentSetSize of job (KB)
...
006 (4778304.000.000) 03/23 23:29:10 Image size of job updated: 1186856
	598  -  MemoryUsage of job (MB)
	611896  -  ResidentSetSize of job (KB)
...
006 (4778304.000.000) 03/23 23:34:11 Image size of job updated: 1186856
	598  -  MemoryUsage of job (MB)
	611964  -  ResidentSetSize of job (KB)
...
006 (4778304.000.000) 03/23 23:39:11 Image size of job updated: 1186856
	598  -  MemoryUsage of job (MB)
	612016  -  ResidentSetSize of job (KB)
...
006 (4778304.000.000) 03/23 23:44:11 Image size of job updated: 1186856
	598  -  MemoryUsage of job (MB)
	612036  -  ResidentSetSize of job (KB)
...
006 (4778304.000.000) 03/23 23:49:12 Image size of job updated: 1186856
	598  -  MemoryUsage of job (MB)
	612064  -  ResidentSetSize of job (KB)
...
006 (4778304.000.000) 03/23 23:54:12 Image size of job updated: 1186856
	598  -  MemoryUsage of job (MB)
	612076  -  ResidentSetSize of job (KB)
...
006 (4778304.000.000) 03/23 23:59:12 Image size of job updated: 1186856
	598  -  MemoryUsage of job (MB)
	612084  -  ResidentSetSize of job (KB)
...
006 (4778304.000.000) 03/24 00:04:14 Image size of job updated: 1186856
	598  -  MemoryUsage of job (MB)
	612112  -  ResidentSetSize of job (KB)
...
006 (4778304.000.000) 03/24 00:09:14 Image size of job updated: 1186856
	598  -  MemoryUsage of job (MB)
	612116  -  ResidentSetSize of job (KB)
...
006 (4778304.000.000) 03/24 00:14:14 Image size of job updated: 1186856
	598  -  MemoryUsage of job (MB)
	612132  -  ResidentSetSize of job (KB)
...
006 (4778304.000.000) 03/24 00:19:15 Image size of job updated: 1186856
	598  -  MemoryUsage of job (MB)
	612192  -  ResidentSetSize of job (KB)
...
006 (4778304.000.000) 03/24 00:24:16 Image size of job updated: 1186856
	598  -  MemoryUsage of job (MB)
	612344  -  ResidentSetSize of job (KB)
...
006 (4778304.000.000) 03/24 00:29:16 Image size of job updated: 1186856
	599  -  MemoryUsage of job (MB)
	612420  -  ResidentSetSize of job (KB)
...
006 (4778304.000.000) 03/24 00:34:17 Image size of job updated: 1186856
	599  -  MemoryUsage of job (MB)
	612608  -  ResidentSetSize of job (KB)
...
006 (4778304.000.000) 03/24 00:39:18 Image size of job updated: 1186856
	599  -  MemoryUsage of job (MB)
	612752  -  ResidentSetSize of job (KB)
...
006 (4778304.000.000) 03/24 00:40:21 Image size of job updated: 1584476
	599  -  MemoryUsage of job (MB)
	612752  -  ResidentSetSize of job (KB)
...
040 (4778304.000.000) 03/24 00:40:21 Started transferring output files
...
040 (4778304.000.000) 03/24 00:40:21 Finished transferring output files
...
005 (4778304.000.000) 03/24 00:40:21 Job terminated.
	(1) Normal termination (return value 0)
		Usr 0 06:25:56, Sys 0 00:09:10  -  Run Remote Usage
		Usr 0 00:00:00, Sys 0 00:00:00  -  Run Local Usage
		Usr 0 06:25:56, Sys 0 00:09:10  -  Total Remote Usage
		Usr 0 00:00:00, Sys 0 00:00:00  -  Total Local Usage
	21981  -  Run Bytes Sent By Job
	1563  -  Run Bytes Received By Job
	21981  -  Total Bytes Sent By Job
	1563  -  Total Bytes Received By Job
	Partitionable Resources :      Usage  Request Allocated 
	   Cpus                 :       1.00        1         1 
	   Disk (KB)            : 5079022           2   3066596 
	   Memory (MB)          :     599        2000      2000 

	Job terminated of its own accord at 2023-03-23T23:40:21Z.
...
