000 (4778247.002.000) 03/22 13:26:55 Job submitted from host: <188.185.71.83:9618?addrs=188.185.71.83-9618+[2001-1458-d00-7--100-34d]-9618&alias=bigbird18.cern.ch&noUDP&sock=schedd_2070_6d22>
...
040 (4778247.002.000) 03/22 13:28:35 Started transferring input files
	Transferring to host: <128.142.192.138:9618?addrs=128.142.192.138-9618+[2001-1458-301-56--100-6]-9618&alias=b7g18p2122.cern.ch&noUDP&sock=slot1_32_11285_0da4_38491>
...
040 (4778247.002.000) 03/22 13:28:35 Finished transferring input files
...
001 (4778247.002.000) 03/22 13:28:36 Job executing on host: <128.142.192.138:9618?addrs=128.142.192.138-9618+[2001-1458-301-56--100-6]-9618&alias=b7g18p2122.cern.ch&noUDP&sock=startd_3398_52e7>
...
006 (4778247.002.000) 03/22 13:28:45 Image size of job updated: 1034100
	198  -  MemoryUsage of job (MB)
	202124  -  ResidentSetSize of job (KB)
...
006 (4778247.002.000) 03/22 13:33:46 Image size of job updated: 1034100
	412  -  MemoryUsage of job (MB)
	420964  -  ResidentSetSize of job (KB)
...
006 (4778247.002.000) 03/22 13:38:47 Image size of job updated: 1034100
	424  -  MemoryUsage of job (MB)
	433620  -  ResidentSetSize of job (KB)
...
006 (4778247.002.000) 03/22 13:43:47 Image size of job updated: 1034100
	424  -  MemoryUsage of job (MB)
	433788  -  ResidentSetSize of job (KB)
...
006 (4778247.002.000) 03/22 13:48:47 Image size of job updated: 1034100
	424  -  MemoryUsage of job (MB)
	433876  -  ResidentSetSize of job (KB)
...
006 (4778247.002.000) 03/22 13:53:48 Image size of job updated: 1034100
	424  -  MemoryUsage of job (MB)
	433932  -  ResidentSetSize of job (KB)
...
006 (4778247.002.000) 03/22 13:58:48 Image size of job updated: 1034100
	424  -  MemoryUsage of job (MB)
	433980  -  ResidentSetSize of job (KB)
...
006 (4778247.002.000) 03/22 14:03:48 Image size of job updated: 1034100
	424  -  MemoryUsage of job (MB)
	433992  -  ResidentSetSize of job (KB)
...
006 (4778247.002.000) 03/22 14:08:49 Image size of job updated: 1034100
	424  -  MemoryUsage of job (MB)
	434004  -  ResidentSetSize of job (KB)
...
006 (4778247.002.000) 03/22 14:13:49 Image size of job updated: 1034100
	424  -  MemoryUsage of job (MB)
	434048  -  ResidentSetSize of job (KB)
...
006 (4778247.002.000) 03/22 14:18:49 Image size of job updated: 1034100
	424  -  MemoryUsage of job (MB)
	434072  -  ResidentSetSize of job (KB)
...
006 (4778247.002.000) 03/22 14:23:50 Image size of job updated: 1034100
	424  -  MemoryUsage of job (MB)
	434076  -  ResidentSetSize of job (KB)
...
040 (4778247.002.000) 03/22 14:28:40 Started transferring output files
...
040 (4778247.002.000) 03/22 14:28:40 Finished transferring output files
...
009 (4778247.002.000) 03/22 14:28:40 Job was aborted.
	Job removed by SYSTEM_PERIODIC_REMOVE due to wall time exceeded allowed max.
...
000 (4778298.000.000) 03/23 14:55:33 Job submitted from host: <188.185.71.83:9618?addrs=188.185.71.83-9618+[2001-1458-d00-7--100-34d]-9618&alias=bigbird18.cern.ch&noUDP&sock=schedd_2070_6d22>
...
040 (4778298.000.000) 03/23 15:32:54 Started transferring input files
	Transferring to host: <128.142.61.39:9618?addrs=128.142.61.39-9618+[2001-1458-301-23--100-26]-9618&alias=b7s06p7473.cern.ch&noUDP&sock=slot1_32_8265_30a9_86243>
...
040 (4778298.000.000) 03/23 15:32:54 Finished transferring input files
...
001 (4778298.000.000) 03/23 15:32:55 Job executing on host: <128.142.61.39:9618?addrs=128.142.61.39-9618+[2001-1458-301-23--100-26]-9618&alias=b7s06p7473.cern.ch&noUDP&sock=startd_8228_4d56>
...
006 (4778298.000.000) 03/23 15:33:03 Image size of job updated: 201624
	88  -  MemoryUsage of job (MB)
	89956  -  ResidentSetSize of job (KB)
...
006 (4778298.000.000) 03/23 15:38:03 Image size of job updated: 1000572
	427  -  MemoryUsage of job (MB)
	436992  -  ResidentSetSize of job (KB)
...
006 (4778298.000.000) 03/23 15:43:04 Image size of job updated: 1000572
	428  -  MemoryUsage of job (MB)
	437472  -  ResidentSetSize of job (KB)
...
006 (4778298.000.000) 03/23 15:48:04 Image size of job updated: 1000572
	428  -  MemoryUsage of job (MB)
	437680  -  ResidentSetSize of job (KB)
...
006 (4778298.000.000) 03/23 15:53:04 Image size of job updated: 1000572
	428  -  MemoryUsage of job (MB)
	437736  -  ResidentSetSize of job (KB)
...
006 (4778298.000.000) 03/23 15:58:05 Image size of job updated: 1000572
	428  -  MemoryUsage of job (MB)
	437760  -  ResidentSetSize of job (KB)
...
006 (4778298.000.000) 03/23 16:03:06 Image size of job updated: 1000572
	428  -  MemoryUsage of job (MB)
	437796  -  ResidentSetSize of job (KB)
...
006 (4778298.000.000) 03/23 16:08:06 Image size of job updated: 1000572
	428  -  MemoryUsage of job (MB)
	437804  -  ResidentSetSize of job (KB)
...
006 (4778298.000.000) 03/23 16:13:07 Image size of job updated: 1000572
	428  -  MemoryUsage of job (MB)
	437812  -  ResidentSetSize of job (KB)
...
006 (4778298.000.000) 03/23 16:18:08 Image size of job updated: 1000572
	428  -  MemoryUsage of job (MB)
	437824  -  ResidentSetSize of job (KB)
...
006 (4778298.000.000) 03/23 16:23:08 Image size of job updated: 1000572
	428  -  MemoryUsage of job (MB)
	437828  -  ResidentSetSize of job (KB)
...
006 (4778298.000.000) 03/23 16:28:08 Image size of job updated: 1000572
	428  -  MemoryUsage of job (MB)
	437832  -  ResidentSetSize of job (KB)
...
006 (4778298.000.000) 03/23 16:33:09 Image size of job updated: 1000572
	428  -  MemoryUsage of job (MB)
	437840  -  ResidentSetSize of job (KB)
...
006 (4778298.000.000) 03/23 16:43:10 Image size of job updated: 1000572
	428  -  MemoryUsage of job (MB)
	437888  -  ResidentSetSize of job (KB)
...
006 (4778298.000.000) 03/23 16:48:10 Image size of job updated: 1000572
	428  -  MemoryUsage of job (MB)
	437892  -  ResidentSetSize of job (KB)
...
006 (4778298.000.000) 03/23 16:53:11 Image size of job updated: 1173308
	605  -  MemoryUsage of job (MB)
	618928  -  ResidentSetSize of job (KB)
...
006 (4778298.000.000) 03/23 16:58:11 Image size of job updated: 1173308
	605  -  MemoryUsage of job (MB)
	618980  -  ResidentSetSize of job (KB)
...
006 (4778298.000.000) 03/23 17:03:11 Image size of job updated: 1173308
	605  -  MemoryUsage of job (MB)
	619000  -  ResidentSetSize of job (KB)
...
006 (4778298.000.000) 03/23 17:05:05 Image size of job updated: 1173316
	605  -  MemoryUsage of job (MB)
	619000  -  ResidentSetSize of job (KB)
...
040 (4778298.000.000) 03/23 17:05:05 Started transferring output files
...
040 (4778298.000.000) 03/23 17:05:05 Finished transferring output files
...
005 (4778298.000.000) 03/23 17:05:05 Job terminated.
	(1) Normal termination (return value 0)
		Usr 0 01:30:03, Sys 0 00:01:49  -  Run Remote Usage
		Usr 0 00:00:00, Sys 0 00:00:00  -  Run Local Usage
		Usr 0 01:30:03, Sys 0 00:01:49  -  Total Remote Usage
		Usr 0 00:00:00, Sys 0 00:00:00  -  Total Local Usage
	12197  -  Run Bytes Sent By Job
	1563  -  Run Bytes Received By Job
	12197  -  Total Bytes Sent By Job
	1563  -  Total Bytes Received By Job
	Partitionable Resources :      Usage  Request Allocated 
	   Cpus                 :       1.00        1         1 
	   Disk (KB)            : 1813708           2   1285303 
	   Memory (MB)          :     605        2000      2000 

	Job terminated of its own accord at 2023-03-23T16:05:05Z.
...
