000 (4778247.004.000) 03/22 13:26:55 Job submitted from host: <188.185.71.83:9618?addrs=188.185.71.83-9618+[2001-1458-d00-7--100-34d]-9618&alias=bigbird18.cern.ch&noUDP&sock=schedd_2070_6d22>
...
040 (4778247.004.000) 03/22 13:28:37 Started transferring input files
	Transferring to host: <128.142.61.77:9618?addrs=128.142.61.77-9618+[2001-1458-301-23--100-4c]-9618&alias=b7s06p7522.cern.ch&noUDP&sock=slot1_11_58712_aa4d_6372>
...
040 (4778247.004.000) 03/22 13:28:37 Finished transferring input files
...
001 (4778247.004.000) 03/22 13:28:38 Job executing on host: <128.142.61.77:9618?addrs=128.142.61.77-9618+[2001-1458-301-23--100-4c]-9618&alias=b7s06p7522.cern.ch&noUDP&sock=startd_2891_9063>
...
006 (4778247.004.000) 03/22 13:28:47 Image size of job updated: 174500
	5  -  MemoryUsage of job (MB)
	4896  -  ResidentSetSize of job (KB)
...
006 (4778247.004.000) 03/22 13:33:48 Image size of job updated: 1034104
	421  -  MemoryUsage of job (MB)
	430556  -  ResidentSetSize of job (KB)
...
006 (4778247.004.000) 03/22 13:38:48 Image size of job updated: 1034104
	433  -  MemoryUsage of job (MB)
	442780  -  ResidentSetSize of job (KB)
...
006 (4778247.004.000) 03/22 13:43:49 Image size of job updated: 1034104
	433  -  MemoryUsage of job (MB)
	442820  -  ResidentSetSize of job (KB)
...
006 (4778247.004.000) 03/22 13:48:49 Image size of job updated: 1034104
	433  -  MemoryUsage of job (MB)
	442900  -  ResidentSetSize of job (KB)
...
006 (4778247.004.000) 03/22 13:53:49 Image size of job updated: 1034104
	433  -  MemoryUsage of job (MB)
	442912  -  ResidentSetSize of job (KB)
...
006 (4778247.004.000) 03/22 13:58:50 Image size of job updated: 1034104
	433  -  MemoryUsage of job (MB)
	442940  -  ResidentSetSize of job (KB)
...
006 (4778247.004.000) 03/22 14:03:51 Image size of job updated: 1034104
	433  -  MemoryUsage of job (MB)
	442960  -  ResidentSetSize of job (KB)
...
006 (4778247.004.000) 03/22 14:08:51 Image size of job updated: 1034104
	433  -  MemoryUsage of job (MB)
	442976  -  ResidentSetSize of job (KB)
...
006 (4778247.004.000) 03/22 14:13:52 Image size of job updated: 1034104
	433  -  MemoryUsage of job (MB)
	442988  -  ResidentSetSize of job (KB)
...
006 (4778247.004.000) 03/22 14:23:53 Image size of job updated: 1034104
	433  -  MemoryUsage of job (MB)
	442992  -  ResidentSetSize of job (KB)
...
040 (4778247.004.000) 03/22 14:28:40 Started transferring output files
...
040 (4778247.004.000) 03/22 14:28:40 Finished transferring output files
...
009 (4778247.004.000) 03/22 14:28:40 Job was aborted.
	Job removed by SYSTEM_PERIODIC_REMOVE due to wall time exceeded allowed max.
...
000 (4778299.000.000) 03/23 14:55:34 Job submitted from host: <188.185.71.83:9618?addrs=188.185.71.83-9618+[2001-1458-d00-7--100-34d]-9618&alias=bigbird18.cern.ch&noUDP&sock=schedd_2070_6d22>
...
040 (4778299.000.000) 03/23 15:32:55 Started transferring input files
	Transferring to host: <128.142.196.60:9618?addrs=128.142.196.60-9618+[2001-1458-301-3c--100-3a]-9618&alias=b7g32p7954.cern.ch&noUDP&sock=slot1_19_3786_5453_130979>
...
040 (4778299.000.000) 03/23 15:32:55 Finished transferring input files
...
001 (4778299.000.000) 03/23 15:32:56 Job executing on host: <128.142.196.60:9618?addrs=128.142.196.60-9618+[2001-1458-301-3c--100-3a]-9618&alias=b7g32p7954.cern.ch&noUDP&sock=startd_3119_f3fb>
...
006 (4778299.000.000) 03/23 15:33:05 Image size of job updated: 295732
	217  -  MemoryUsage of job (MB)
	221816  -  ResidentSetSize of job (KB)
...
006 (4778299.000.000) 03/23 15:38:06 Image size of job updated: 1030660
	432  -  MemoryUsage of job (MB)
	442008  -  ResidentSetSize of job (KB)
...
006 (4778299.000.000) 03/23 15:43:07 Image size of job updated: 1030660
	433  -  MemoryUsage of job (MB)
	442652  -  ResidentSetSize of job (KB)
...
006 (4778299.000.000) 03/23 15:48:07 Image size of job updated: 1030660
	433  -  MemoryUsage of job (MB)
	442728  -  ResidentSetSize of job (KB)
...
006 (4778299.000.000) 03/23 15:53:07 Image size of job updated: 1030660
	433  -  MemoryUsage of job (MB)
	442780  -  ResidentSetSize of job (KB)
...
006 (4778299.000.000) 03/23 15:58:08 Image size of job updated: 1030660
	433  -  MemoryUsage of job (MB)
	442812  -  ResidentSetSize of job (KB)
...
006 (4778299.000.000) 03/23 16:03:09 Image size of job updated: 1030660
	433  -  MemoryUsage of job (MB)
	442820  -  ResidentSetSize of job (KB)
...
006 (4778299.000.000) 03/23 16:08:09 Image size of job updated: 1030660
	433  -  MemoryUsage of job (MB)
	442840  -  ResidentSetSize of job (KB)
...
006 (4778299.000.000) 03/23 16:13:09 Image size of job updated: 1030660
	433  -  MemoryUsage of job (MB)
	442848  -  ResidentSetSize of job (KB)
...
006 (4778299.000.000) 03/23 16:18:10 Image size of job updated: 1030660
	433  -  MemoryUsage of job (MB)
	442852  -  ResidentSetSize of job (KB)
...
006 (4778299.000.000) 03/23 16:23:11 Image size of job updated: 1030660
	433  -  MemoryUsage of job (MB)
	442864  -  ResidentSetSize of job (KB)
...
006 (4778299.000.000) 03/23 16:28:11 Image size of job updated: 1030660
	433  -  MemoryUsage of job (MB)
	442924  -  ResidentSetSize of job (KB)
...
006 (4778299.000.000) 03/23 16:38:13 Image size of job updated: 1030660
	433  -  MemoryUsage of job (MB)
	442936  -  ResidentSetSize of job (KB)
...
006 (4778299.000.000) 03/23 16:43:13 Image size of job updated: 1030660
	433  -  MemoryUsage of job (MB)
	442940  -  ResidentSetSize of job (KB)
...
006 (4778299.000.000) 03/23 16:48:13 Image size of job updated: 1030660
	433  -  MemoryUsage of job (MB)
	442948  -  ResidentSetSize of job (KB)
...
006 (4778299.000.000) 03/23 16:53:14 Image size of job updated: 1030660
	433  -  MemoryUsage of job (MB)
	442960  -  ResidentSetSize of job (KB)
...
006 (4778299.000.000) 03/23 17:08:16 Image size of job updated: 1030660
	433  -  MemoryUsage of job (MB)
	442964  -  ResidentSetSize of job (KB)
...
006 (4778299.000.000) 03/23 17:23:17 Image size of job updated: 1030660
	433  -  MemoryUsage of job (MB)
	442976  -  ResidentSetSize of job (KB)
...
040 (4778299.000.000) 03/23 17:33:03 Started transferring output files
...
040 (4778299.000.000) 03/23 17:33:03 Finished transferring output files
...
009 (4778299.000.000) 03/23 17:33:03 Job was aborted.
	Job removed by SYSTEM_PERIODIC_REMOVE due to wall time exceeded allowed max.
...
000 (4778307.000.000) 03/23 18:01:21 Job submitted from host: <188.185.71.83:9618?addrs=188.185.71.83-9618+[2001-1458-d00-7--100-34d]-9618&alias=bigbird18.cern.ch&noUDP&sock=schedd_2070_6d22>
...
040 (4778307.000.000) 03/23 18:03:30 Started transferring input files
	Transferring to host: <128.142.131.107:9618?addrs=128.142.131.107-9618+[2001-1458-301-59--100-5f]-9618&alias=b7g11p0479.cern.ch&noUDP&sock=slot1_40_4451_e1ce_17546>
...
040 (4778307.000.000) 03/23 18:03:30 Finished transferring input files
...
001 (4778307.000.000) 03/23 18:03:31 Job executing on host: <128.142.131.107:9618?addrs=128.142.131.107-9618+[2001-1458-301-59--100-5f]-9618&alias=b7g11p0479.cern.ch&noUDP&sock=startd_3297_0bd6>
...
006 (4778307.000.000) 03/23 18:03:40 Image size of job updated: 502284
	164  -  MemoryUsage of job (MB)
	167816  -  ResidentSetSize of job (KB)
...
006 (4778307.000.000) 03/23 18:08:41 Image size of job updated: 992804
	416  -  MemoryUsage of job (MB)
	425760  -  ResidentSetSize of job (KB)
...
006 (4778307.000.000) 03/23 18:13:41 Image size of job updated: 1003788
	430  -  MemoryUsage of job (MB)
	439432  -  ResidentSetSize of job (KB)
...
006 (4778307.000.000) 03/23 18:18:42 Image size of job updated: 1003788
	430  -  MemoryUsage of job (MB)
	439484  -  ResidentSetSize of job (KB)
...
006 (4778307.000.000) 03/23 18:23:43 Image size of job updated: 1003788
	430  -  MemoryUsage of job (MB)
	439500  -  ResidentSetSize of job (KB)
...
006 (4778307.000.000) 03/23 18:28:43 Image size of job updated: 1003788
	430  -  MemoryUsage of job (MB)
	439588  -  ResidentSetSize of job (KB)
...
006 (4778307.000.000) 03/23 18:33:43 Image size of job updated: 1003788
	430  -  MemoryUsage of job (MB)
	439636  -  ResidentSetSize of job (KB)
...
006 (4778307.000.000) 03/23 18:38:44 Image size of job updated: 1003788
	430  -  MemoryUsage of job (MB)
	439688  -  ResidentSetSize of job (KB)
...
006 (4778307.000.000) 03/23 18:43:44 Image size of job updated: 1003788
	430  -  MemoryUsage of job (MB)
	439696  -  ResidentSetSize of job (KB)
...
006 (4778307.000.000) 03/23 18:48:44 Image size of job updated: 1003788
	430  -  MemoryUsage of job (MB)
	439700  -  ResidentSetSize of job (KB)
...
006 (4778307.000.000) 03/23 18:53:45 Image size of job updated: 1003788
	430  -  MemoryUsage of job (MB)
	439708  -  ResidentSetSize of job (KB)
...
006 (4778307.000.000) 03/23 18:58:46 Image size of job updated: 1003788
	430  -  MemoryUsage of job (MB)
	439712  -  ResidentSetSize of job (KB)
...
006 (4778307.000.000) 03/23 19:03:46 Image size of job updated: 1003788
	430  -  MemoryUsage of job (MB)
	439716  -  ResidentSetSize of job (KB)
...
006 (4778307.000.000) 03/23 19:28:49 Image size of job updated: 1003788
	430  -  MemoryUsage of job (MB)
	439720  -  ResidentSetSize of job (KB)
...
006 (4778307.000.000) 03/23 19:33:49 Image size of job updated: 1003788
	430  -  MemoryUsage of job (MB)
	439724  -  ResidentSetSize of job (KB)
...
006 (4778307.000.000) 03/23 19:43:50 Image size of job updated: 1003788
	430  -  MemoryUsage of job (MB)
	439740  -  ResidentSetSize of job (KB)
...
006 (4778307.000.000) 03/23 19:58:51 Image size of job updated: 1003788
	430  -  MemoryUsage of job (MB)
	439744  -  ResidentSetSize of job (KB)
...
006 (4778307.000.000) 03/23 20:03:52 Image size of job updated: 1003788
	430  -  MemoryUsage of job (MB)
	439748  -  ResidentSetSize of job (KB)
...
006 (4778307.000.000) 03/23 20:18:54 Image size of job updated: 1003788
	430  -  MemoryUsage of job (MB)
	439756  -  ResidentSetSize of job (KB)
...
006 (4778307.000.000) 03/23 20:43:56 Image size of job updated: 1003788
	430  -  MemoryUsage of job (MB)
	439760  -  ResidentSetSize of job (KB)
...
006 (4778307.000.000) 03/23 20:58:58 Image size of job updated: 1003788
	430  -  MemoryUsage of job (MB)
	439776  -  ResidentSetSize of job (KB)
...
006 (4778307.000.000) 03/23 21:03:59 Image size of job updated: 1003788
	430  -  MemoryUsage of job (MB)
	439792  -  ResidentSetSize of job (KB)
...
006 (4778307.000.000) 03/23 21:24:01 Image size of job updated: 1003788
	430  -  MemoryUsage of job (MB)
	439796  -  ResidentSetSize of job (KB)
...
006 (4778307.000.000) 03/23 21:29:02 Image size of job updated: 1003788
	430  -  MemoryUsage of job (MB)
	439812  -  ResidentSetSize of job (KB)
...
006 (4778307.000.000) 03/23 21:34:02 Image size of job updated: 1003788
	430  -  MemoryUsage of job (MB)
	439816  -  ResidentSetSize of job (KB)
...
006 (4778307.000.000) 03/23 21:44:03 Image size of job updated: 1003788
	438  -  MemoryUsage of job (MB)
	447492  -  ResidentSetSize of job (KB)
...
006 (4778307.000.000) 03/23 21:49:03 Image size of job updated: 1180164
	594  -  MemoryUsage of job (MB)
	607368  -  ResidentSetSize of job (KB)
...
006 (4778307.000.000) 03/23 21:54:03 Image size of job updated: 1180164
	594  -  MemoryUsage of job (MB)
	607428  -  ResidentSetSize of job (KB)
...
006 (4778307.000.000) 03/23 21:59:04 Image size of job updated: 1180164
	594  -  MemoryUsage of job (MB)
	607472  -  ResidentSetSize of job (KB)
...
006 (4778307.000.000) 03/23 22:04:04 Image size of job updated: 1180164
	594  -  MemoryUsage of job (MB)
	607484  -  ResidentSetSize of job (KB)
...
006 (4778307.000.000) 03/23 22:09:04 Image size of job updated: 1180164
	594  -  MemoryUsage of job (MB)
	607500  -  ResidentSetSize of job (KB)
...
006 (4778307.000.000) 03/23 22:14:06 Image size of job updated: 1180164
	594  -  MemoryUsage of job (MB)
	607512  -  ResidentSetSize of job (KB)
...
006 (4778307.000.000) 03/23 22:19:06 Image size of job updated: 1180164
	594  -  MemoryUsage of job (MB)
	607524  -  ResidentSetSize of job (KB)
...
006 (4778307.000.000) 03/23 22:24:06 Image size of job updated: 1180164
	594  -  MemoryUsage of job (MB)
	607600  -  ResidentSetSize of job (KB)
...
006 (4778307.000.000) 03/23 22:34:08 Image size of job updated: 1180164
	594  -  MemoryUsage of job (MB)
	607656  -  ResidentSetSize of job (KB)
...
006 (4778307.000.000) 03/23 22:35:32 Image size of job updated: 1463604
	594  -  MemoryUsage of job (MB)
	607656  -  ResidentSetSize of job (KB)
...
040 (4778307.000.000) 03/23 22:35:32 Started transferring output files
...
040 (4778307.000.000) 03/23 22:35:32 Finished transferring output files
...
005 (4778307.000.000) 03/23 22:35:32 Job terminated.
	(1) Normal termination (return value 0)
		Usr 0 04:24:31, Sys 0 00:06:32  -  Run Remote Usage
		Usr 0 00:00:00, Sys 0 00:00:00  -  Run Local Usage
		Usr 0 04:24:31, Sys 0 00:06:32  -  Total Remote Usage
		Usr 0 00:00:00, Sys 0 00:00:00  -  Total Local Usage
	15507  -  Run Bytes Sent By Job
	1563  -  Run Bytes Received By Job
	15507  -  Total Bytes Sent By Job
	1563  -  Total Bytes Received By Job
	Partitionable Resources :      Usage  Request Allocated 
	   Cpus                 :       1.00        1         1 
	   Disk (KB)            : 3094396           2   1555880 
	   Memory (MB)          :     594        2000      2000 

	Job terminated of its own accord at 2023-03-23T21:35:32Z.
...
