000 (4778247.001.000) 03/22 13:26:55 Job submitted from host: <188.185.71.83:9618?addrs=188.185.71.83-9618+[2001-1458-d00-7--100-34d]-9618&alias=bigbird18.cern.ch&noUDP&sock=schedd_2070_6d22>
...
040 (4778247.001.000) 03/22 13:28:36 Started transferring input files
	Transferring to host: <128.142.192.177:9618?addrs=128.142.192.177-9618+[2001-1458-301-56--100-2d]-9618&alias=b7g18p0533.cern.ch&noUDP&sock=slot1_19_10724_c72d_65204>
...
040 (4778247.001.000) 03/22 13:28:36 Finished transferring input files
...
001 (4778247.001.000) 03/22 13:28:37 Job executing on host: <128.142.192.177:9618?addrs=128.142.192.177-9618+[2001-1458-301-56--100-2d]-9618&alias=b7g18p0533.cern.ch&noUDP&sock=startd_10686_4920>
...
006 (4778247.001.000) 03/22 13:28:46 Image size of job updated: 436676
	86  -  MemoryUsage of job (MB)
	87592  -  ResidentSetSize of job (KB)
...
006 (4778247.001.000) 03/22 13:33:47 Image size of job updated: 1034100
	421  -  MemoryUsage of job (MB)
	430408  -  ResidentSetSize of job (KB)
...
006 (4778247.001.000) 03/22 13:38:47 Image size of job updated: 1034100
	435  -  MemoryUsage of job (MB)
	444604  -  ResidentSetSize of job (KB)
...
006 (4778247.001.000) 03/22 13:43:47 Image size of job updated: 1034100
	435  -  MemoryUsage of job (MB)
	444716  -  ResidentSetSize of job (KB)
...
006 (4778247.001.000) 03/22 13:48:48 Image size of job updated: 1034100
	435  -  MemoryUsage of job (MB)
	444876  -  ResidentSetSize of job (KB)
...
006 (4778247.001.000) 03/22 13:53:48 Image size of job updated: 1034100
	435  -  MemoryUsage of job (MB)
	444960  -  ResidentSetSize of job (KB)
...
006 (4778247.001.000) 03/22 13:58:48 Image size of job updated: 1034100
	435  -  MemoryUsage of job (MB)
	444996  -  ResidentSetSize of job (KB)
...
006 (4778247.001.000) 03/22 14:03:49 Image size of job updated: 1034100
	435  -  MemoryUsage of job (MB)
	445032  -  ResidentSetSize of job (KB)
...
006 (4778247.001.000) 03/22 14:08:49 Image size of job updated: 1034100
	435  -  MemoryUsage of job (MB)
	445040  -  ResidentSetSize of job (KB)
...
006 (4778247.001.000) 03/22 14:13:50 Image size of job updated: 1034100
	435  -  MemoryUsage of job (MB)
	445052  -  ResidentSetSize of job (KB)
...
006 (4778247.001.000) 03/22 14:18:51 Image size of job updated: 1034100
	435  -  MemoryUsage of job (MB)
	445068  -  ResidentSetSize of job (KB)
...
006 (4778247.001.000) 03/22 14:23:51 Image size of job updated: 1034100
	435  -  MemoryUsage of job (MB)
	445080  -  ResidentSetSize of job (KB)
...
040 (4778247.001.000) 03/22 14:28:38 Started transferring output files
...
040 (4778247.001.000) 03/22 14:28:38 Finished transferring output files
...
009 (4778247.001.000) 03/22 14:28:38 Job was aborted.
	Job removed by SYSTEM_PERIODIC_REMOVE due to wall time exceeded allowed max.
...
000 (4778295.000.000) 03/23 14:55:28 Job submitted from host: <188.185.71.83:9618?addrs=188.185.71.83-9618+[2001-1458-d00-7--100-34d]-9618&alias=bigbird18.cern.ch&noUDP&sock=schedd_2070_6d22>
...
040 (4778295.000.000) 03/23 15:32:54 Started transferring input files
	Transferring to host: <128.142.61.26:9618?addrs=128.142.61.26-9618+[2001-1458-301-23--100-19]-9618&alias=b7s06p2760.cern.ch&noUDP&sock=slot1_17_11815_7c7a_54478>
...
040 (4778295.000.000) 03/23 15:32:54 Finished transferring input files
...
001 (4778295.000.000) 03/23 15:32:55 Job executing on host: <128.142.61.26:9618?addrs=128.142.61.26-9618+[2001-1458-301-23--100-19]-9618&alias=b7s06p2760.cern.ch&noUDP&sock=startd_11475_7959>
...
006 (4778295.000.000) 03/23 15:33:04 Image size of job updated: 444352
	161  -  MemoryUsage of job (MB)
	164092  -  ResidentSetSize of job (KB)
...
006 (4778295.000.000) 03/23 15:38:05 Image size of job updated: 1011360
	437  -  MemoryUsage of job (MB)
	447024  -  ResidentSetSize of job (KB)
...
006 (4778295.000.000) 03/23 15:43:05 Image size of job updated: 1011740
	438  -  MemoryUsage of job (MB)
	447728  -  ResidentSetSize of job (KB)
...
006 (4778295.000.000) 03/23 15:48:05 Image size of job updated: 1011740
	438  -  MemoryUsage of job (MB)
	447820  -  ResidentSetSize of job (KB)
...
006 (4778295.000.000) 03/23 15:53:06 Image size of job updated: 1011740
	438  -  MemoryUsage of job (MB)
	447880  -  ResidentSetSize of job (KB)
...
006 (4778295.000.000) 03/23 15:58:06 Image size of job updated: 1011740
	438  -  MemoryUsage of job (MB)
	447904  -  ResidentSetSize of job (KB)
...
006 (4778295.000.000) 03/23 16:03:06 Image size of job updated: 1011740
	438  -  MemoryUsage of job (MB)
	447928  -  ResidentSetSize of job (KB)
...
006 (4778295.000.000) 03/23 16:08:07 Image size of job updated: 1011740
	438  -  MemoryUsage of job (MB)
	447932  -  ResidentSetSize of job (KB)
...
006 (4778295.000.000) 03/23 16:13:08 Image size of job updated: 1011740
	438  -  MemoryUsage of job (MB)
	447936  -  ResidentSetSize of job (KB)
...
006 (4778295.000.000) 03/23 16:18:08 Image size of job updated: 1011740
	438  -  MemoryUsage of job (MB)
	447944  -  ResidentSetSize of job (KB)
...
006 (4778295.000.000) 03/23 16:23:09 Image size of job updated: 1011740
	438  -  MemoryUsage of job (MB)
	447968  -  ResidentSetSize of job (KB)
...
006 (4778295.000.000) 03/23 16:28:10 Image size of job updated: 1011740
	438  -  MemoryUsage of job (MB)
	447984  -  ResidentSetSize of job (KB)
...
006 (4778295.000.000) 03/23 16:33:10 Image size of job updated: 1011740
	438  -  MemoryUsage of job (MB)
	447988  -  ResidentSetSize of job (KB)
...
006 (4778295.000.000) 03/23 16:38:10 Image size of job updated: 1011740
	438  -  MemoryUsage of job (MB)
	447992  -  ResidentSetSize of job (KB)
...
006 (4778295.000.000) 03/23 16:48:11 Image size of job updated: 1011740
	438  -  MemoryUsage of job (MB)
	448000  -  ResidentSetSize of job (KB)
...
006 (4778295.000.000) 03/23 16:53:11 Image size of job updated: 1011740
	438  -  MemoryUsage of job (MB)
	448052  -  ResidentSetSize of job (KB)
...
006 (4778295.000.000) 03/23 17:08:12 Image size of job updated: 1011740
	438  -  MemoryUsage of job (MB)
	448056  -  ResidentSetSize of job (KB)
...
006 (4778295.000.000) 03/23 17:13:13 Image size of job updated: 1011740
	438  -  MemoryUsage of job (MB)
	448060  -  ResidentSetSize of job (KB)
...
006 (4778295.000.000) 03/23 17:18:14 Image size of job updated: 1011740
	438  -  MemoryUsage of job (MB)
	448084  -  ResidentSetSize of job (KB)
...
006 (4778295.000.000) 03/23 17:23:14 Image size of job updated: 1011740
	438  -  MemoryUsage of job (MB)
	448088  -  ResidentSetSize of job (KB)
...
006 (4778295.000.000) 03/23 17:28:15 Image size of job updated: 1011740
	438  -  MemoryUsage of job (MB)
	448096  -  ResidentSetSize of job (KB)
...
040 (4778295.000.000) 03/23 17:32:59 Started transferring output files
...
040 (4778295.000.000) 03/23 17:32:59 Finished transferring output files
...
009 (4778295.000.000) 03/23 17:32:59 Job was aborted.
	Job removed by SYSTEM_PERIODIC_REMOVE due to wall time exceeded allowed max.
...
000 (4778305.000.000) 03/23 18:01:18 Job submitted from host: <188.185.71.83:9618?addrs=188.185.71.83-9618+[2001-1458-d00-7--100-34d]-9618&alias=bigbird18.cern.ch&noUDP&sock=schedd_2070_6d22>
...
040 (4778305.000.000) 03/23 18:03:30 Started transferring input files
	Transferring to host: <128.142.130.58:9618?addrs=128.142.130.58-9618+[2001-1458-301-58--100-2e]-9618&alias=b7g20p8535.cern.ch&noUDP&sock=slot1_44_3390_4fc3_77007>
...
040 (4778305.000.000) 03/23 18:03:30 Finished transferring input files
...
001 (4778305.000.000) 03/23 18:03:31 Job executing on host: <128.142.130.58:9618?addrs=128.142.130.58-9618+[2001-1458-301-58--100-2e]-9618&alias=b7g20p8535.cern.ch&noUDP&sock=startd_2915_06a9>
...
006 (4778305.000.000) 03/23 18:03:40 Image size of job updated: 239548
	162  -  MemoryUsage of job (MB)
	165632  -  ResidentSetSize of job (KB)
...
006 (4778305.000.000) 03/23 18:08:41 Image size of job updated: 1030664
	421  -  MemoryUsage of job (MB)
	430252  -  ResidentSetSize of job (KB)
...
006 (4778305.000.000) 03/23 18:13:41 Image size of job updated: 1030664
	435  -  MemoryUsage of job (MB)
	444756  -  ResidentSetSize of job (KB)
...
006 (4778305.000.000) 03/23 18:18:42 Image size of job updated: 1030664
	435  -  MemoryUsage of job (MB)
	444876  -  ResidentSetSize of job (KB)
...
006 (4778305.000.000) 03/23 18:23:43 Image size of job updated: 1030664
	435  -  MemoryUsage of job (MB)
	444940  -  ResidentSetSize of job (KB)
...
006 (4778305.000.000) 03/23 18:28:43 Image size of job updated: 1030664
	435  -  MemoryUsage of job (MB)
	445016  -  ResidentSetSize of job (KB)
...
006 (4778305.000.000) 03/23 18:33:43 Image size of job updated: 1030664
	435  -  MemoryUsage of job (MB)
	445056  -  ResidentSetSize of job (KB)
...
006 (4778305.000.000) 03/23 18:38:44 Image size of job updated: 1030664
	435  -  MemoryUsage of job (MB)
	445084  -  ResidentSetSize of job (KB)
...
006 (4778305.000.000) 03/23 18:43:44 Image size of job updated: 1030664
	435  -  MemoryUsage of job (MB)
	445088  -  ResidentSetSize of job (KB)
...
006 (4778305.000.000) 03/23 18:48:44 Image size of job updated: 1030664
	435  -  MemoryUsage of job (MB)
	445108  -  ResidentSetSize of job (KB)
...
006 (4778305.000.000) 03/23 18:53:46 Image size of job updated: 1030664
	435  -  MemoryUsage of job (MB)
	445112  -  ResidentSetSize of job (KB)
...
006 (4778305.000.000) 03/23 18:58:46 Image size of job updated: 1030664
	435  -  MemoryUsage of job (MB)
	445120  -  ResidentSetSize of job (KB)
...
006 (4778305.000.000) 03/23 19:08:47 Image size of job updated: 1030664
	435  -  MemoryUsage of job (MB)
	445124  -  ResidentSetSize of job (KB)
...
006 (4778305.000.000) 03/23 19:13:48 Image size of job updated: 1030664
	435  -  MemoryUsage of job (MB)
	445128  -  ResidentSetSize of job (KB)
...
006 (4778305.000.000) 03/23 19:18:48 Image size of job updated: 1030664
	435  -  MemoryUsage of job (MB)
	445136  -  ResidentSetSize of job (KB)
...
006 (4778305.000.000) 03/23 19:28:50 Image size of job updated: 1030664
	435  -  MemoryUsage of job (MB)
	445144  -  ResidentSetSize of job (KB)
...
006 (4778305.000.000) 03/23 19:43:52 Image size of job updated: 1030664
	435  -  MemoryUsage of job (MB)
	445152  -  ResidentSetSize of job (KB)
...
006 (4778305.000.000) 03/23 19:53:53 Image size of job updated: 1030664
	435  -  MemoryUsage of job (MB)
	445160  -  ResidentSetSize of job (KB)
...
006 (4778305.000.000) 03/23 19:58:54 Image size of job updated: 1030664
	435  -  MemoryUsage of job (MB)
	445164  -  ResidentSetSize of job (KB)
...
006 (4778305.000.000) 03/23 20:18:55 Image size of job updated: 1030664
	435  -  MemoryUsage of job (MB)
	445204  -  ResidentSetSize of job (KB)
...
006 (4778305.000.000) 03/23 20:28:56 Image size of job updated: 1030664
	435  -  MemoryUsage of job (MB)
	445208  -  ResidentSetSize of job (KB)
...
006 (4778305.000.000) 03/23 20:38:56 Image size of job updated: 1030664
	435  -  MemoryUsage of job (MB)
	445212  -  ResidentSetSize of job (KB)
...
006 (4778305.000.000) 03/23 20:48:57 Image size of job updated: 1030664
	435  -  MemoryUsage of job (MB)
	445216  -  ResidentSetSize of job (KB)
...
006 (4778305.000.000) 03/23 20:58:58 Image size of job updated: 1030664
	435  -  MemoryUsage of job (MB)
	445228  -  ResidentSetSize of job (KB)
...
006 (4778305.000.000) 03/23 21:03:59 Image size of job updated: 1030664
	435  -  MemoryUsage of job (MB)
	445232  -  ResidentSetSize of job (KB)
...
006 (4778305.000.000) 03/23 21:14:00 Image size of job updated: 1030664
	435  -  MemoryUsage of job (MB)
	445236  -  ResidentSetSize of job (KB)
...
006 (4778305.000.000) 03/23 21:19:01 Image size of job updated: 1030664
	435  -  MemoryUsage of job (MB)
	445240  -  ResidentSetSize of job (KB)
...
006 (4778305.000.000) 03/23 21:49:03 Image size of job updated: 1030664
	435  -  MemoryUsage of job (MB)
	445268  -  ResidentSetSize of job (KB)
...
006 (4778305.000.000) 03/23 22:14:04 Image size of job updated: 1030664
	435  -  MemoryUsage of job (MB)
	445272  -  ResidentSetSize of job (KB)
...
006 (4778305.000.000) 03/23 22:19:05 Image size of job updated: 1030664
	435  -  MemoryUsage of job (MB)
	445280  -  ResidentSetSize of job (KB)
...
006 (4778305.000.000) 03/23 22:29:06 Image size of job updated: 1030664
	435  -  MemoryUsage of job (MB)
	445284  -  ResidentSetSize of job (KB)
...
006 (4778305.000.000) 03/23 22:39:08 Image size of job updated: 1030664
	435  -  MemoryUsage of job (MB)
	445376  -  ResidentSetSize of job (KB)
...
006 (4778305.000.000) 03/23 22:44:08 Image size of job updated: 1030664
	435  -  MemoryUsage of job (MB)
	445384  -  ResidentSetSize of job (KB)
...
006 (4778305.000.000) 03/23 22:59:10 Image size of job updated: 1030664
	435  -  MemoryUsage of job (MB)
	445400  -  ResidentSetSize of job (KB)
...
006 (4778305.000.000) 03/23 23:44:15 Image size of job updated: 1030664
	435  -  MemoryUsage of job (MB)
	445404  -  ResidentSetSize of job (KB)
...
006 (4778305.000.000) 03/24 00:19:19 Image size of job updated: 1030664
	435  -  MemoryUsage of job (MB)
	445408  -  ResidentSetSize of job (KB)
...
006 (4778305.000.000) 03/24 00:24:19 Image size of job updated: 1030664
	435  -  MemoryUsage of job (MB)
	445412  -  ResidentSetSize of job (KB)
...
006 (4778305.000.000) 03/24 00:34:21 Image size of job updated: 1030664
	435  -  MemoryUsage of job (MB)
	445432  -  ResidentSetSize of job (KB)
...
006 (4778305.000.000) 03/24 00:39:21 Image size of job updated: 1030664
	436  -  MemoryUsage of job (MB)
	445448  -  ResidentSetSize of job (KB)
...
006 (4778305.000.000) 03/24 00:54:23 Image size of job updated: 1030664
	436  -  MemoryUsage of job (MB)
	445460  -  ResidentSetSize of job (KB)
...
006 (4778305.000.000) 03/24 00:59:24 Image size of job updated: 1186932
	598  -  MemoryUsage of job (MB)
	611748  -  ResidentSetSize of job (KB)
...
006 (4778305.000.000) 03/24 01:04:25 Image size of job updated: 1186932
	598  -  MemoryUsage of job (MB)
	612004  -  ResidentSetSize of job (KB)
...
006 (4778305.000.000) 03/24 01:09:25 Image size of job updated: 1186932
	598  -  MemoryUsage of job (MB)
	612024  -  ResidentSetSize of job (KB)
...
006 (4778305.000.000) 03/24 01:14:25 Image size of job updated: 1186932
	598  -  MemoryUsage of job (MB)
	612056  -  ResidentSetSize of job (KB)
...
006 (4778305.000.000) 03/24 01:19:26 Image size of job updated: 1186932
	598  -  MemoryUsage of job (MB)
	612072  -  ResidentSetSize of job (KB)
...
006 (4778305.000.000) 03/24 01:24:26 Image size of job updated: 1186932
	598  -  MemoryUsage of job (MB)
	612088  -  ResidentSetSize of job (KB)
...
006 (4778305.000.000) 03/24 01:34:28 Image size of job updated: 1186932
	598  -  MemoryUsage of job (MB)
	612092  -  ResidentSetSize of job (KB)
...
006 (4778305.000.000) 03/24 01:39:28 Image size of job updated: 1186932
	598  -  MemoryUsage of job (MB)
	612176  -  ResidentSetSize of job (KB)
...
006 (4778305.000.000) 03/24 01:44:28 Image size of job updated: 1186932
	598  -  MemoryUsage of job (MB)
	612180  -  ResidentSetSize of job (KB)
...
006 (4778305.000.000) 03/24 01:54:29 Image size of job updated: 1186932
	598  -  MemoryUsage of job (MB)
	612184  -  ResidentSetSize of job (KB)
...
006 (4778305.000.000) 03/24 01:59:29 Image size of job updated: 1186932
	598  -  MemoryUsage of job (MB)
	612236  -  ResidentSetSize of job (KB)
...
040 (4778305.000.000) 03/24 02:03:51 Started transferring output files
...
040 (4778305.000.000) 03/24 02:03:51 Finished transferring output files
...
009 (4778305.000.000) 03/24 02:03:51 Job was aborted.
	Job removed by SYSTEM_PERIODIC_REMOVE due to wall time exceeded allowed max.
...
