000 (4778247.007.000) 03/22 13:26:55 Job submitted from host: <188.185.71.83:9618?addrs=188.185.71.83-9618+[2001-1458-d00-7--100-34d]-9618&alias=bigbird18.cern.ch&noUDP&sock=schedd_2070_6d22>
...
040 (4778247.007.000) 03/22 13:28:38 Started transferring input files
	Transferring to host: <128.142.192.214:9618?addrs=128.142.192.214-9618+[2001-1458-301-56--100-52]-9618&alias=b7g18p1545.cern.ch&noUDP&sock=slot1_21_31634_c3bf_4945>
...
040 (4778247.007.000) 03/22 13:28:38 Finished transferring input files
...
001 (4778247.007.000) 03/22 13:28:39 Job executing on host: <128.142.192.214:9618?addrs=128.142.192.214-9618+[2001-1458-301-56--100-52]-9618&alias=b7g18p1545.cern.ch&noUDP&sock=startd_31596_ce72>
...
006 (4778247.007.000) 03/22 13:28:48 Image size of job updated: 420940
	35  -  MemoryUsage of job (MB)
	35596  -  ResidentSetSize of job (KB)
...
006 (4778247.007.000) 03/22 13:33:48 Image size of job updated: 991952
	416  -  MemoryUsage of job (MB)
	425380  -  ResidentSetSize of job (KB)
...
006 (4778247.007.000) 03/22 13:38:48 Image size of job updated: 1006600
	429  -  MemoryUsage of job (MB)
	438696  -  ResidentSetSize of job (KB)
...
006 (4778247.007.000) 03/22 13:43:49 Image size of job updated: 1006600
	429  -  MemoryUsage of job (MB)
	438868  -  ResidentSetSize of job (KB)
...
006 (4778247.007.000) 03/22 13:48:49 Image size of job updated: 1006600
	429  -  MemoryUsage of job (MB)
	439000  -  ResidentSetSize of job (KB)
...
006 (4778247.007.000) 03/22 13:53:49 Image size of job updated: 1006600
	429  -  MemoryUsage of job (MB)
	439068  -  ResidentSetSize of job (KB)
...
006 (4778247.007.000) 03/22 13:58:50 Image size of job updated: 1006600
	429  -  MemoryUsage of job (MB)
	439104  -  ResidentSetSize of job (KB)
...
006 (4778247.007.000) 03/22 14:03:50 Image size of job updated: 1006600
	429  -  MemoryUsage of job (MB)
	439168  -  ResidentSetSize of job (KB)
...
006 (4778247.007.000) 03/22 14:08:50 Image size of job updated: 1006600
	429  -  MemoryUsage of job (MB)
	439188  -  ResidentSetSize of job (KB)
...
006 (4778247.007.000) 03/22 14:13:51 Image size of job updated: 1006600
	429  -  MemoryUsage of job (MB)
	439220  -  ResidentSetSize of job (KB)
...
006 (4778247.007.000) 03/22 14:18:51 Image size of job updated: 1006600
	429  -  MemoryUsage of job (MB)
	439228  -  ResidentSetSize of job (KB)
...
006 (4778247.007.000) 03/22 14:23:51 Image size of job updated: 1006600
	429  -  MemoryUsage of job (MB)
	439236  -  ResidentSetSize of job (KB)
...
040 (4778247.007.000) 03/22 14:28:42 Started transferring output files
...
040 (4778247.007.000) 03/22 14:28:42 Finished transferring output files
...
009 (4778247.007.000) 03/22 14:28:42 Job was aborted.
	Job removed by SYSTEM_PERIODIC_REMOVE due to wall time exceeded allowed max.
...
000 (4778296.000.000) 03/23 14:55:31 Job submitted from host: <188.185.71.83:9618?addrs=188.185.71.83-9618+[2001-1458-d00-7--100-34d]-9618&alias=bigbird18.cern.ch&noUDP&sock=schedd_2070_6d22>
...
040 (4778296.000.000) 03/23 15:32:55 Started transferring input files
	Transferring to host: <128.142.195.22:9618?addrs=128.142.195.22-9618+[2001-1458-301-26--100-16]-9618&alias=b7g31p4279.cern.ch&noUDP&sock=slot1_12_4121_5e01_179752>
...
040 (4778296.000.000) 03/23 15:32:55 Finished transferring input files
...
001 (4778296.000.000) 03/23 15:32:56 Job executing on host: <128.142.195.22:9618?addrs=128.142.195.22-9618+[2001-1458-301-26--100-16]-9618&alias=b7g31p4279.cern.ch&noUDP&sock=startd_3048_40c1>
...
006 (4778296.000.000) 03/23 15:33:04 Image size of job updated: 1030664
	169  -  MemoryUsage of job (MB)
	172700  -  ResidentSetSize of job (KB)
...
006 (4778296.000.000) 03/23 15:38:04 Image size of job updated: 1030664
	432  -  MemoryUsage of job (MB)
	441940  -  ResidentSetSize of job (KB)
...
006 (4778296.000.000) 03/23 15:43:05 Image size of job updated: 1030664
	432  -  MemoryUsage of job (MB)
	442132  -  ResidentSetSize of job (KB)
...
006 (4778296.000.000) 03/23 15:48:05 Image size of job updated: 1030664
	432  -  MemoryUsage of job (MB)
	442364  -  ResidentSetSize of job (KB)
...
006 (4778296.000.000) 03/23 15:53:05 Image size of job updated: 1030664
	433  -  MemoryUsage of job (MB)
	442492  -  ResidentSetSize of job (KB)
...
006 (4778296.000.000) 03/23 15:58:07 Image size of job updated: 1030664
	433  -  MemoryUsage of job (MB)
	442548  -  ResidentSetSize of job (KB)
...
006 (4778296.000.000) 03/23 16:03:07 Image size of job updated: 1030664
	433  -  MemoryUsage of job (MB)
	442604  -  ResidentSetSize of job (KB)
...
006 (4778296.000.000) 03/23 16:08:07 Image size of job updated: 1030664
	433  -  MemoryUsage of job (MB)
	442652  -  ResidentSetSize of job (KB)
...
006 (4778296.000.000) 03/23 16:13:08 Image size of job updated: 1030664
	433  -  MemoryUsage of job (MB)
	442688  -  ResidentSetSize of job (KB)
...
006 (4778296.000.000) 03/23 16:18:09 Image size of job updated: 1030664
	433  -  MemoryUsage of job (MB)
	442700  -  ResidentSetSize of job (KB)
...
006 (4778296.000.000) 03/23 16:23:09 Image size of job updated: 1030664
	433  -  MemoryUsage of job (MB)
	442716  -  ResidentSetSize of job (KB)
...
006 (4778296.000.000) 03/23 16:28:10 Image size of job updated: 1030664
	433  -  MemoryUsage of job (MB)
	442724  -  ResidentSetSize of job (KB)
...
006 (4778296.000.000) 03/23 16:33:11 Image size of job updated: 1030664
	433  -  MemoryUsage of job (MB)
	442736  -  ResidentSetSize of job (KB)
...
006 (4778296.000.000) 03/23 16:38:11 Image size of job updated: 1030664
	433  -  MemoryUsage of job (MB)
	442748  -  ResidentSetSize of job (KB)
...
006 (4778296.000.000) 03/23 16:43:11 Image size of job updated: 1030664
	433  -  MemoryUsage of job (MB)
	442764  -  ResidentSetSize of job (KB)
...
006 (4778296.000.000) 03/23 16:53:13 Image size of job updated: 1030664
	433  -  MemoryUsage of job (MB)
	442776  -  ResidentSetSize of job (KB)
...
006 (4778296.000.000) 03/23 16:58:13 Image size of job updated: 1030664
	433  -  MemoryUsage of job (MB)
	442800  -  ResidentSetSize of job (KB)
...
006 (4778296.000.000) 03/23 17:03:14 Image size of job updated: 1030664
	433  -  MemoryUsage of job (MB)
	442816  -  ResidentSetSize of job (KB)
...
006 (4778296.000.000) 03/23 17:13:15 Image size of job updated: 1030664
	433  -  MemoryUsage of job (MB)
	442820  -  ResidentSetSize of job (KB)
...
006 (4778296.000.000) 03/23 17:18:16 Image size of job updated: 1030664
	433  -  MemoryUsage of job (MB)
	442828  -  ResidentSetSize of job (KB)
...
006 (4778296.000.000) 03/23 17:23:17 Image size of job updated: 1030664
	433  -  MemoryUsage of job (MB)
	442836  -  ResidentSetSize of job (KB)
...
040 (4778296.000.000) 03/23 17:32:59 Started transferring output files
...
040 (4778296.000.000) 03/23 17:32:59 Finished transferring output files
...
009 (4778296.000.000) 03/23 17:32:59 Job was aborted.
	Job removed by SYSTEM_PERIODIC_REMOVE due to wall time exceeded allowed max.
...
000 (4778306.000.000) 03/23 18:01:19 Job submitted from host: <188.185.71.83:9618?addrs=188.185.71.83-9618+[2001-1458-d00-7--100-34d]-9618&alias=bigbird18.cern.ch&noUDP&sock=schedd_2070_6d22>
...
040 (4778306.000.000) 03/23 18:03:30 Started transferring input files
	Transferring to host: <128.142.137.220:9618?addrs=128.142.137.220-9618+[2001-1458-301-5e--100-d0]-9618&alias=b7g19p0845.cern.ch&noUDP&sock=slot1_20_3666_c74e_18398>
...
040 (4778306.000.000) 03/23 18:03:30 Finished transferring input files
...
001 (4778306.000.000) 03/23 18:03:31 Job executing on host: <128.142.137.220:9618?addrs=128.142.137.220-9618+[2001-1458-301-5e--100-d0]-9618&alias=b7g19p0845.cern.ch&noUDP&sock=startd_2946_4a18>
...
006 (4778306.000.000) 03/23 18:03:40 Image size of job updated: 433636
	78  -  MemoryUsage of job (MB)
	79364  -  ResidentSetSize of job (KB)
...
006 (4778306.000.000) 03/23 18:08:41 Image size of job updated: 993236
	415  -  MemoryUsage of job (MB)
	424680  -  ResidentSetSize of job (KB)
...
006 (4778306.000.000) 03/23 18:13:41 Image size of job updated: 1004224
	429  -  MemoryUsage of job (MB)
	438484  -  ResidentSetSize of job (KB)
...
006 (4778306.000.000) 03/23 18:18:42 Image size of job updated: 1004224
	429  -  MemoryUsage of job (MB)
	438680  -  ResidentSetSize of job (KB)
...
006 (4778306.000.000) 03/23 18:23:43 Image size of job updated: 1004224
	429  -  MemoryUsage of job (MB)
	438800  -  ResidentSetSize of job (KB)
...
006 (4778306.000.000) 03/23 18:28:43 Image size of job updated: 1004224
	429  -  MemoryUsage of job (MB)
	438964  -  ResidentSetSize of job (KB)
...
006 (4778306.000.000) 03/23 18:33:43 Image size of job updated: 1004224
	429  -  MemoryUsage of job (MB)
	439036  -  ResidentSetSize of job (KB)
...
006 (4778306.000.000) 03/23 18:38:44 Image size of job updated: 1004224
	429  -  MemoryUsage of job (MB)
	439108  -  ResidentSetSize of job (KB)
...
006 (4778306.000.000) 03/23 18:43:44 Image size of job updated: 1004224
	429  -  MemoryUsage of job (MB)
	439144  -  ResidentSetSize of job (KB)
...
006 (4778306.000.000) 03/23 18:48:44 Image size of job updated: 1004224
	429  -  MemoryUsage of job (MB)
	439184  -  ResidentSetSize of job (KB)
...
006 (4778306.000.000) 03/23 18:58:45 Image size of job updated: 1004224
	429  -  MemoryUsage of job (MB)
	439212  -  ResidentSetSize of job (KB)
...
006 (4778306.000.000) 03/23 19:03:45 Image size of job updated: 1004224
	429  -  MemoryUsage of job (MB)
	439228  -  ResidentSetSize of job (KB)
...
006 (4778306.000.000) 03/23 19:08:46 Image size of job updated: 1004224
	429  -  MemoryUsage of job (MB)
	439236  -  ResidentSetSize of job (KB)
...
006 (4778306.000.000) 03/23 19:13:47 Image size of job updated: 1004224
	429  -  MemoryUsage of job (MB)
	439248  -  ResidentSetSize of job (KB)
...
006 (4778306.000.000) 03/23 19:18:47 Image size of job updated: 1004224
	429  -  MemoryUsage of job (MB)
	439256  -  ResidentSetSize of job (KB)
...
006 (4778306.000.000) 03/23 19:23:48 Image size of job updated: 1004224
	429  -  MemoryUsage of job (MB)
	439268  -  ResidentSetSize of job (KB)
...
006 (4778306.000.000) 03/23 19:33:49 Image size of job updated: 1004224
	429  -  MemoryUsage of job (MB)
	439276  -  ResidentSetSize of job (KB)
...
006 (4778306.000.000) 03/23 19:38:49 Image size of job updated: 1004224
	429  -  MemoryUsage of job (MB)
	439280  -  ResidentSetSize of job (KB)
...
006 (4778306.000.000) 03/23 19:43:50 Image size of job updated: 1004224
	429  -  MemoryUsage of job (MB)
	439284  -  ResidentSetSize of job (KB)
...
006 (4778306.000.000) 03/23 19:48:50 Image size of job updated: 1004224
	430  -  MemoryUsage of job (MB)
	439300  -  ResidentSetSize of job (KB)
...
006 (4778306.000.000) 03/23 19:53:50 Image size of job updated: 1004224
	430  -  MemoryUsage of job (MB)
	439304  -  ResidentSetSize of job (KB)
...
006 (4778306.000.000) 03/23 19:58:51 Image size of job updated: 1004224
	430  -  MemoryUsage of job (MB)
	439308  -  ResidentSetSize of job (KB)
...
006 (4778306.000.000) 03/23 20:13:52 Image size of job updated: 1004224
	430  -  MemoryUsage of job (MB)
	439316  -  ResidentSetSize of job (KB)
...
006 (4778306.000.000) 03/23 20:23:52 Image size of job updated: 1004224
	430  -  MemoryUsage of job (MB)
	439332  -  ResidentSetSize of job (KB)
...
006 (4778306.000.000) 03/23 20:28:53 Image size of job updated: 1004224
	430  -  MemoryUsage of job (MB)
	439364  -  ResidentSetSize of job (KB)
...
006 (4778306.000.000) 03/23 20:53:54 Image size of job updated: 1004224
	430  -  MemoryUsage of job (MB)
	439368  -  ResidentSetSize of job (KB)
...
006 (4778306.000.000) 03/23 21:08:56 Image size of job updated: 1004224
	430  -  MemoryUsage of job (MB)
	439380  -  ResidentSetSize of job (KB)
...
006 (4778306.000.000) 03/23 21:43:59 Image size of job updated: 1170420
	587  -  MemoryUsage of job (MB)
	600584  -  ResidentSetSize of job (KB)
...
006 (4778306.000.000) 03/23 21:49:01 Image size of job updated: 1181408
	595  -  MemoryUsage of job (MB)
	608472  -  ResidentSetSize of job (KB)
...
006 (4778306.000.000) 03/23 21:54:01 Image size of job updated: 1181408
	595  -  MemoryUsage of job (MB)
	608520  -  ResidentSetSize of job (KB)
...
006 (4778306.000.000) 03/23 21:59:01 Image size of job updated: 1181408
	595  -  MemoryUsage of job (MB)
	608544  -  ResidentSetSize of job (KB)
...
006 (4778306.000.000) 03/23 22:04:02 Image size of job updated: 1181408
	595  -  MemoryUsage of job (MB)
	608548  -  ResidentSetSize of job (KB)
...
006 (4778306.000.000) 03/23 22:09:03 Image size of job updated: 1181408
	595  -  MemoryUsage of job (MB)
	608600  -  ResidentSetSize of job (KB)
...
006 (4778306.000.000) 03/23 22:14:03 Image size of job updated: 1181408
	595  -  MemoryUsage of job (MB)
	608668  -  ResidentSetSize of job (KB)
...
006 (4778306.000.000) 03/23 22:19:03 Image size of job updated: 1181408
	595  -  MemoryUsage of job (MB)
	608676  -  ResidentSetSize of job (KB)
...
006 (4778306.000.000) 03/23 22:24:04 Image size of job updated: 1181408
	595  -  MemoryUsage of job (MB)
	608680  -  ResidentSetSize of job (KB)
...
006 (4778306.000.000) 03/23 22:31:29 Image size of job updated: 1563504
	595  -  MemoryUsage of job (MB)
	608680  -  ResidentSetSize of job (KB)
...
040 (4778306.000.000) 03/23 22:31:29 Started transferring output files
...
040 (4778306.000.000) 03/23 22:31:29 Finished transferring output files
...
005 (4778306.000.000) 03/23 22:31:29 Job terminated.
	(1) Normal termination (return value 0)
		Usr 0 04:21:08, Sys 0 00:06:03  -  Run Remote Usage
		Usr 0 00:00:00, Sys 0 00:00:00  -  Run Local Usage
		Usr 0 04:21:08, Sys 0 00:06:03  -  Total Remote Usage
		Usr 0 00:00:00, Sys 0 00:00:00  -  Total Local Usage
	14825  -  Run Bytes Sent By Job
	1563  -  Run Bytes Received By Job
	14825  -  Total Bytes Sent By Job
	1563  -  Total Bytes Received By Job
	Partitionable Resources :      Usage  Request Allocated 
	   Cpus                 :       1.00        1         1 
	   Disk (KB)            : 2964819           2   1654446 
	   Memory (MB)          :     595        2000      2000 

	Job terminated of its own accord at 2023-03-23T21:31:29Z.
...
