000 (4778247.006.000) 03/22 13:26:55 Job submitted from host: <188.185.71.83:9618?addrs=188.185.71.83-9618+[2001-1458-d00-7--100-34d]-9618&alias=bigbird18.cern.ch&noUDP&sock=schedd_2070_6d22>
...
040 (4778247.006.000) 03/22 13:28:37 Started transferring input files
	Transferring to host: <188.184.160.75:9618?addrs=188.184.160.75-9618+[2001-1458-301-48--100-45]-9618&alias=b7s09p6763.cern.ch&noUDP&sock=slot1_4_122450_da2c_8481>
...
040 (4778247.006.000) 03/22 13:28:37 Finished transferring input files
...
001 (4778247.006.000) 03/22 13:28:38 Job executing on host: <188.184.160.75:9618?addrs=188.184.160.75-9618+[2001-1458-301-48--100-45]-9618&alias=b7s09p6763.cern.ch&noUDP&sock=startd_90729_203f>
...
006 (4778247.006.000) 03/22 13:28:47 Image size of job updated: 174504
	45  -  MemoryUsage of job (MB)
	45700  -  ResidentSetSize of job (KB)
...
006 (4778247.006.000) 03/22 13:33:47 Image size of job updated: 1034092
	423  -  MemoryUsage of job (MB)
	432552  -  ResidentSetSize of job (KB)
...
006 (4778247.006.000) 03/22 13:38:47 Image size of job updated: 1034092
	436  -  MemoryUsage of job (MB)
	445796  -  ResidentSetSize of job (KB)
...
006 (4778247.006.000) 03/22 13:43:48 Image size of job updated: 1034092
	437  -  MemoryUsage of job (MB)
	446972  -  ResidentSetSize of job (KB)
...
006 (4778247.006.000) 03/22 13:48:48 Image size of job updated: 1034092
	437  -  MemoryUsage of job (MB)
	447036  -  ResidentSetSize of job (KB)
...
006 (4778247.006.000) 03/22 13:53:48 Image size of job updated: 1034092
	437  -  MemoryUsage of job (MB)
	447068  -  ResidentSetSize of job (KB)
...
006 (4778247.006.000) 03/22 13:58:49 Image size of job updated: 1034092
	437  -  MemoryUsage of job (MB)
	447076  -  ResidentSetSize of job (KB)
...
006 (4778247.006.000) 03/22 14:03:50 Image size of job updated: 1034092
	437  -  MemoryUsage of job (MB)
	447104  -  ResidentSetSize of job (KB)
...
006 (4778247.006.000) 03/22 14:08:50 Image size of job updated: 1034092
	437  -  MemoryUsage of job (MB)
	447116  -  ResidentSetSize of job (KB)
...
006 (4778247.006.000) 03/22 14:13:51 Image size of job updated: 1034092
	437  -  MemoryUsage of job (MB)
	447128  -  ResidentSetSize of job (KB)
...
040 (4778247.006.000) 03/22 14:28:40 Started transferring output files
...
040 (4778247.006.000) 03/22 14:28:40 Finished transferring output files
...
009 (4778247.006.000) 03/22 14:28:40 Job was aborted.
	Job removed by SYSTEM_PERIODIC_REMOVE due to wall time exceeded allowed max.
...
